2025-05-15 10:48:46 INFO: ✔ E01_共通_「肌の疲れ」等の表現.txt を更新 -> C:/Users/harum/OneDrive/デスクトップ/Python練習用/◆新_管理用データ\E01_共通_「肌の疲れ」等の表現.txt
2025-05-15 10:48:46 INFO: ✔ E02_共通_「アレルギーテスト済み」等の表現.txt を更新 -> C:/Users/harum/OneDrive/デスクトップ/Python練習用/◆新_管理用データ\E02_共通_「アレルギーテスト済み」等の表現.txt
2025-05-15 10:48:46 INFO: ✔ E03_共通_「肌・毛髪への浸透」等の作用部位の表現.txt を更新 -> C:/Users/harum/OneDrive/デスクトップ/Python練習用/◆新_管理用データ\E03_共通_「肌・毛髪への浸透」等の作用部位の表現.txt
2025-05-15 10:48:46 INFO: ✔ E04_共通_「○○専用、○○用」等の表現.txt を更新 -> C:/Users/harum/OneDrive/デスクトップ/Python練習用/◆新_管理用データ\E04_共通_「○○専用、○○用」等の表現.txt
2025-05-15 10:48:46 INFO: ✔ E05_共通_「強力」、「強い」の表現.txt を更新 -> C:/Users/harum/OneDrive/デスクトップ/Python練習用/◆新_管理用データ\E05_共通_「強力」、「強い」の表現.txt
2025-05-15 10:48:46 INFO: ✔ E06_共通_しわ予防・解消等の表現.txt を更新 -> C:/Users/harum/OneDrive/デスクトップ/Python練習用/◆新_管理用データ\E06_共通_しわ予防・解消等の表現.txt
2025-05-15 10:48:46 INFO: ✔ E07-1_共通_「効能評価試験済み」の表記について.txt を更新 -> C:/Users/harum/OneDrive/デスクトップ/Python練習用/◆新_管理用データ\E07-1_共通_「効能評価試験済み」の表記について.txt
2025-05-15 10:48:46 INFO: ✔ E07_共通_「乾燥による小ジワを目立たなくする。」の表現.txt を更新 -> C:/Users/harum/OneDrive/デスクトップ/Python練習用/◆新_管理用データ\E07_共通_「乾燥による小ジワを目立たなくする。」の表現.txt
2025-05-15 10:48:46 INFO: ✔ E08_共通_「治癒、回復、改善」等の表現.txt を更新 -> C:/Users/harum/OneDrive/デスクトップ/Python練習用/◆新_管理用データ\E08_共通_「治癒、回復、改善」等の表現.txt
2025-05-15 10:48:46 INFO: ✔ E09_共通_「細胞」等の表現.txt を更新 -> C:/Users/harum/OneDrive/デスクトップ/Python練習用/◆新_管理用データ\E09_共通_「細胞」等の表現.txt
2025-05-15 10:48:46 INFO: ✔ E10_共通_「痩身」、「顔痩せ効果」等の表現.txt を更新 -> C:/Users/harum/OneDrive/デスクトップ/Python練習用/◆新_管理用データ\E10_共通_「痩身」、「顔痩せ効果」等の表現.txt
2025-05-15 10:48:46 INFO: ✔ E11_共通_「デトックス」等の表現.txt を更新 -> C:/Users/harum/OneDrive/デスクトップ/Python練習用/◆新_管理用データ\E11_共通_「デトックス」等の表現.txt
2025-05-15 10:48:46 INFO: ✔ E12_共通_「ピーリング」等の表現.txt を更新 -> C:/Users/harum/OneDrive/デスクトップ/Python練習用/◆新_管理用データ\E12_共通_「ピーリング」等の表現.txt
2025-05-15 10:48:46 INFO: ✔ E13_共通_「くすみ」等の表現.txt を更新 -> C:/Users/harum/OneDrive/デスクトップ/Python練習用/◆新_管理用データ\E13_共通_「くすみ」等の表現.txt
2025-05-15 10:48:46 INFO: ✔ E15-0_一般化粧品_「美白」等の表現.txt を更新 -> C:/Users/harum/OneDrive/デスクトップ/Python練習用/◆新_管理用データ\E15-0_一般化粧品_「美白」等の表現.txt
2025-05-15 10:48:46 INFO: ✔ E15-1_薬用化粧品_「美白」等の表現.txt を更新 -> C:/Users/harum/OneDrive/デスクトップ/Python練習用/◆新_管理用データ\E15-1_薬用化粧品_「美白」等の表現.txt
2025-05-15 10:48:46 INFO: ✔ E15-2_共通_「美白」等の表現.txt を更新 -> C:/Users/harum/OneDrive/デスクトップ/Python練習用/◆新_管理用データ\E15-2_共通_「美白」等の表現.txt
2025-05-15 10:48:46 INFO: ✔ E16_一般化粧品_「薬用」の表現.txt を更新 -> C:/Users/harum/OneDrive/デスクトップ/Python練習用/◆新_管理用データ\E16_一般化粧品_「薬用」の表現.txt
2025-05-15 10:48:46 INFO: ✔ E17_共通_毛髪の損傷等の補修表現.txt を更新 -> C:/Users/harum/OneDrive/デスクトップ/Python練習用/◆新_管理用データ\E17_共通_毛髪の損傷等の補修表現.txt
2025-05-15 10:48:46 INFO: ✔ E18_共通_エイジングケア.txt を更新 -> C:/Users/harum/OneDrive/デスクトップ/Python練習用/◆新_管理用データ\E18_共通_エイジングケア.txt
2025-05-15 10:48:46 INFO: ✔ E20_共通_使用体験談の表現の範囲.txt を更新 -> C:/Users/harum/OneDrive/デスクトップ/Python練習用/◆新_管理用データ\E20_共通_使用体験談の表現の範囲.txt
2025-05-15 10:48:46 INFO: ✔ E21_共通_メーキャップ効果等に関する記載のポイント.txt を更新 -> C:/Users/harum/OneDrive/デスクトップ/Python練習用/◆新_管理用データ\E21_共通_メーキャップ効果等に関する記載のポイント.txt
2025-05-15 10:48:46 INFO: ✔ E22_共通_「調査結果に基づく数値」の表現.txt を更新 -> C:/Users/harum/OneDrive/デスクトップ/Python練習用/◆新_管理用データ\E22_共通_「調査結果に基づく数値」の表現.txt
2025-05-15 10:48:46 INFO: ✔ E23_共通_「実感」の文字を含む表現について.txt を更新 -> C:/Users/harum/OneDrive/デスクトップ/Python練習用/◆新_管理用データ\E23_共通_「実感」の文字を含む表現について.txt
2025-05-15 10:48:46 INFO: ✔ E24_共通_配合成分の特記表示について.txt を更新 -> C:/Users/harum/OneDrive/デスクトップ/Python練習用/◆新_管理用データ\E24_共通_配合成分の特記表示について.txt
2025-05-15 10:48:46 INFO: ✔ F01-1_共通_化粧品等の名称.txt を更新 -> C:/Users/harum/OneDrive/デスクトップ/Python練習用/◆新_管理用データ\F01-1_共通_化粧品等の名称.txt
2025-05-15 10:48:46 INFO: ✔ F01-2_一般化粧品_化粧品等の名称.txt を更新 -> C:/Users/harum/OneDrive/デスクトップ/Python練習用/◆新_管理用データ\F01-2_一般化粧品_化粧品等の名称.txt
2025-05-15 10:48:46 INFO: ✔ F02_共通_製造方法等の表現の範囲.txt を更新 -> C:/Users/harum/OneDrive/デスクトップ/Python練習用/◆新_管理用データ\F02_共通_製造方法等の表現の範囲.txt
2025-05-15 10:48:46 INFO: ✔ F03_薬用化粧品_効能効果の表現の範囲.txt を更新 -> C:/Users/harum/OneDrive/デスクトップ/Python練習用/◆新_管理用データ\F03_薬用化粧品_効能効果の表現の範囲.txt
2025-05-15 10:48:46 INFO: ✔ F04-4_一般化粧品_しばり表現.txt を更新 -> C:/Users/harum/OneDrive/デスクトップ/Python練習用/◆新_管理用データ\F04-4_一般化粧品_しばり表現.txt
2025-05-15 10:48:46 INFO: ✔ F04_一般化粧品_効能効果の表現の範囲.txt を更新 -> C:/Users/harum/OneDrive/デスクトップ/Python練習用/◆新_管理用データ\F04_一般化粧品_効能効果の表現の範囲.txt
2025-05-15 10:48:46 INFO: ✔ F05-6_一般化粧品_成分の表現.txt を更新 -> C:/Users/harum/OneDrive/デスクトップ/Python練習用/◆新_管理用データ\F05-6_一般化粧品_成分の表現.txt
2025-05-15 10:48:46 INFO: ✔ F05-7_薬用化粧品_成分及び原材料等の表現の範囲.txt を更新 -> C:/Users/harum/OneDrive/デスクトップ/Python練習用/◆新_管理用データ\F05-7_薬用化粧品_成分及び原材料等の表現の範囲.txt
2025-05-15 10:48:46 INFO: ✔ F05_共通_成分及び原材料等の表現の範囲.txt を更新 -> C:/Users/harum/OneDrive/デスクトップ/Python練習用/◆新_管理用データ\F05_共通_成分及び原材料等の表現の範囲.txt
2025-05-15 10:48:46 INFO: ✔ F07_共通_効能効果又は安全性を保証する表現の禁止.txt を更新 -> C:/Users/harum/OneDrive/デスクトップ/Python練習用/◆新_管理用データ\F07_共通_効能効果又は安全性を保証する表現の禁止.txt
2025-05-15 10:48:46 INFO: ✔ F08_共通_効能効果又は安全性についての最大級の表現等の禁止.txt を更新 -> C:/Users/harum/OneDrive/デスクトップ/Python練習用/◆新_管理用データ\F08_共通_効能効果又は安全性についての最大級の表現等の禁止.txt
2025-05-15 10:48:46 INFO: ✔ F09_共通_効能効果の発現程度についての表現の範囲.txt を更新 -> C:/Users/harum/OneDrive/デスクトップ/Python練習用/◆新_管理用データ\F09_共通_効能効果の発現程度についての表現の範囲.txt
2025-05-15 10:48:46 INFO: ✔ F10_共通_他社の製品の誹謗広告の制限.txt を更新 -> C:/Users/harum/OneDrive/デスクトップ/Python練習用/◆新_管理用データ\F10_共通_他社の製品の誹謗広告の制限.txt
2025-05-15 10:48:46 INFO: ✔ F11_共通_医薬関係者等の推せん.txt を更新 -> C:/Users/harum/OneDrive/デスクトップ/Python練習用/◆新_管理用データ\F11_共通_医薬関係者等の推せん.txt
2025-05-15 10:48:46 INFO: ✔ F34_共通_医薬品的表現.txt を更新 -> C:/Users/harum/OneDrive/デスクトップ/Python練習用/◆新_管理用データ\F34_共通_医薬品的表現.txt
